# JRE version: OpenJDK Runtime Environment Temurin-21.0.8+9 (21.0.8+9) (build 21.0.8+9-LTS)
# Java VM: OpenJDK 64-Bit Server VM Temurin-21.0.8+9 (21.0.8+9-LTS, mixed mode, sharing, tiered, compressed oops, compressed class ptrs, parallel gc, windows-amd64)
GC Precious Log:
 CardTable entry size: 512
 CPUs: 16 total, 16 available
 Memory: 65451M
 Large Page Support: Disabled
 NUMA Support: Disabled
 Compressed Oops: Enabled (32-bit)
 Alignments: Space 512K, Generation 512K, Heap 2M
 Heap Min Capacity: 100M
 Heap Initial Capacity: 100M
 Heap Max Capacity: 2G
 Pre-touch: Disabled
 Parallel Workers: 13
Heap:
 PSYoungGen      total 13824K, used 382K [0x00000000d5580000, 0x00000000d6580000, 0x0000000100000000)
  eden space 13312K, 0% used [0x00000000d5580000,0x00000000d5597998,0x00000000d6280000)
  from space 512K, 56% used [0x00000000d6500000,0x00000000d6548000,0x00000000d6580000)
  to   space 512K, 0% used [0x00000000d6280000,0x00000000d6280000,0x00000000d6300000)
 ParOldGen       total 68608K, used 62360K [0x0000000080000000, 0x0000000084300000, 0x00000000d5580000)
  object space 68608K, 90% used [0x0000000080000000,0x0000000083ce6340,0x0000000084300000)
 Metaspace       used 65325K, committed 66624K, reserved 1114112K
  class space    used 7541K, committed 8064K, reserved 1048576K
GC Heap History (20 events):
Event: 155123.024 GC heap before
{Heap before GC invocations=150 (full 3):
 PSYoungGen      total 14848K, used 14592K [0x00000000d5580000, 0x00000000d6680000, 0x0000000100000000)
  eden space 13312K, 100% used [0x00000000d5580000,0x00000000d6280000,0x00000000d6280000)
  from space 1536K, 83% used [0x00000000d6500000,0x00000000d6640000,0x00000000d6680000)
  to   space 1536K, 0% used [0x00000000d6380000,0x00000000d6380000,0x00000000d6500000)
 ParOldGen       total 68608K, used 52087K [0x0000000080000000, 0x0000000084300000, 0x00000000d5580000)
  object space 68608K, 75% used [0x0000000080000000,0x00000000832ddd68,0x0000000084300000)
 Metaspace       used 64497K, committed 65792K, reserved 1114112K
  class space    used 7471K, committed 8000K, reserved 1048576K
}
Event: 155123.025 GC heap after
{Heap after GC invocations=150 (full 3):
 PSYoungGen      total 14848K, used 1508K [0x00000000d5580000, 0x00000000d6880000, 0x0000000100000000)
  eden space 13312K, 0% used [0x00000000d5580000,0x00000000d5580000,0x00000000d6280000)
  from space 1536K, 98% used [0x00000000d6380000,0x00000000d64f9000,0x00000000d6500000)
  to   space 3072K, 0% used [0x00000000d6580000,0x00000000d6580000,0x00000000d6880000)
 ParOldGen       total 68608K, used 53071K [0x0000000080000000, 0x0000000084300000, 0x00000000d5580000)
  object space 68608K, 77% used [0x0000000080000000,0x00000000833d3d68,0x0000000084300000)
 Metaspace       used 64497K, committed 65792K, reserved 1114112K
  class space    used 7471K, committed 8000K, reserved 1048576K
}
Event: 155123.047 GC heap before
{Heap before GC invocations=151 (full 3):
 PSYoungGen      total 14848K, used 14781K [0x00000000d5580000, 0x00000000d6880000, 0x0000000100000000)
  eden space 13312K, 99% used [0x00000000d5580000,0x00000000d6276500,0x00000000d6280000)
  from space 1536K, 98% used [0x00000000d6380000,0x00000000d64f9000,0x00000000d6500000)
  to   space 3072K, 0% used [0x00000000d6580000,0x00000000d6580000,0x00000000d6880000)
 ParOldGen       total 68608K, used 53071K [0x0000000080000000, 0x0000000084300000, 0x00000000d5580000)
  object space 68608K, 77% used [0x0000000080000000,0x00000000833d3d68,0x0000000084300000)
 Metaspace       used 64502K, committed 65792K, reserved 1114112K
  class space    used 7471K, committed 8000K, reserved 1048576K
}
Event: 155123.049 GC heap after
{Heap after GC invocations=151 (full 3):
 PSYoungGen      total 14848K, used 1344K [0x00000000d5580000, 0x00000000d6700000, 0x0000000100000000)
  eden space 13312K, 0% used [0x00000000d5580000,0x00000000d5580000,0x00000000d6280000)
  from space 1536K, 87% used [0x00000000d6580000,0x00000000d66d0000,0x00000000d6700000)
  to   space 2048K, 0% used [0x00000000d6300000,0x00000000d6300000,0x00000000d6500000)
 ParOldGen       total 68608K, used 54455K [0x0000000080000000, 0x0000000084300000, 0x00000000d5580000)
  object space 68608K, 79% used [0x0000000080000000,0x000000008352de68,0x0000000084300000)
 Metaspace       used 64502K, committed 65792K, reserved 1114112K
  class space    used 7471K, committed 8000K, reserved 1048576K
}
Event: 155123.083 GC heap before
{Heap before GC invocations=152 (full 3):
 PSYoungGen      total 14848K, used 14656K [0x00000000d5580000, 0x00000000d6700000, 0x0000000100000000)
  eden space 13312K, 100% used [0x00000000d5580000,0x00000000d6280000,0x00000000d6280000)
  from space 1536K, 87% used [0x00000000d6580000,0x00000000d66d0000,0x00000000d6700000)
  to   space 2048K, 0% used [0x00000000d6300000,0x00000000d6300000,0x00000000d6500000)
 ParOldGen       total 68608K, used 54455K [0x0000000080000000, 0x0000000084300000, 0x00000000d5580000)
  object space 68608K, 79% used [0x0000000080000000,0x000000008352de68,0x0000000084300000)
 Metaspace       used 64544K, committed 65856K, reserved 1114112K
  class space    used 7473K, committed 8000K, reserved 1048576K
}
Event: 155123.085 GC heap after
{Heap after GC invocations=152 (full 3):
 PSYoungGen      total 15360K, used 1536K [0x00000000d5580000, 0x00000000d6680000, 0x0000000100000000)
  eden space 13312K, 0% used [0x00000000d5580000,0x00000000d5580000,0x00000000d6280000)
  from space 2048K, 75% used [0x00000000d6300000,0x00000000d6480010,0x00000000d6500000)
  to   space 1536K, 0% used [0x00000000d6500000,0x00000000d6500000,0x00000000d6680000)
 ParOldGen       total 68608K, used 55591K [0x0000000080000000, 0x0000000084300000, 0x00000000d5580000)
  object space 68608K, 81% used [0x0000000080000000,0x0000000083649e68,0x0000000084300000)
 Metaspace       used 64544K, committed 65856K, reserved 1114112K
  class space    used 7473K, committed 8000K, reserved 1048576K
}
Event: 155123.121 GC heap before
{Heap before GC invocations=153 (full 3):
 PSYoungGen      total 15360K, used 14848K [0x00000000d5580000, 0x00000000d6680000, 0x0000000100000000)
  eden space 13312K, 100% used [0x00000000d5580000,0x00000000d6280000,0x00000000d6280000)
  from space 2048K, 75% used [0x00000000d6300000,0x00000000d6480010,0x00000000d6500000)
  to   space 1536K, 0% used [0x00000000d6500000,0x00000000d6500000,0x00000000d6680000)
 ParOldGen       total 68608K, used 55591K [0x0000000080000000, 0x0000000084300000, 0x00000000d5580000)
  object space 68608K, 81% used [0x0000000080000000,0x0000000083649e68,0x0000000084300000)
 Metaspace       used 64550K, committed 65856K, reserved 1114112K
  class space    used 7473K, committed 8000K, reserved 1048576K
}
Event: 155123.122 GC heap after
{Heap after GC invocations=153 (full 3):
 PSYoungGen      total 14848K, used 1312K [0x00000000d5580000, 0x00000000d6680000, 0x0000000100000000)
  eden space 13312K, 0% used [0x00000000d5580000,0x00000000d5580000,0x00000000d6280000)
  from space 1536K, 85% used [0x00000000d6500000,0x00000000d6648000,0x00000000d6680000)
  to   space 1536K, 0% used [0x00000000d6380000,0x00000000d6380000,0x00000000d6500000)
 ParOldGen       total 68608K, used 56935K [0x0000000080000000, 0x0000000084300000, 0x00000000d5580000)
  object space 68608K, 82% used [0x0000000080000000,0x0000000083799e78,0x0000000084300000)
 Metaspace       used 64550K, committed 65856K, reserved 1114112K
  class space    used 7473K, committed 8000K, reserved 1048576K
}
Event: 155123.159 GC heap before
{Heap before GC invocations=154 (full 3):
 PSYoungGen      total 14848K, used 14465K [0x00000000d5580000, 0x00000000d6680000, 0x0000000100000000)
  eden space 13312K, 98% used [0x00000000d5580000,0x00000000d6258588,0x00000000d6280000)
  from space 1536K, 85% used [0x00000000d6500000,0x00000000d6648000,0x00000000d6680000)
  to   space 1536K, 0% used [0x00000000d6380000,0x00000000d6380000,0x00000000d6500000)
 ParOldGen       total 68608K, used 56935K [0x0000000080000000, 0x0000000084300000, 0x00000000d5580000)
  object space 68608K, 82% used [0x0000000080000000,0x0000000083799e78,0x0000000084300000)
 Metaspace       used 64639K, committed 65920K, reserved 1114112K
  class space    used 7479K, committed 8000K, reserved 1048576K
}
Event: 155123.161 GC heap after
{Heap after GC invocations=154 (full 3):
 PSYoungGen      total 14848K, used 1517K [0x00000000d5580000, 0x00000000d6980000, 0x0000000100000000)
  eden space 13312K, 0% used [0x00000000d5580000,0x00000000d5580000,0x00000000d6280000)
  from space 1536K, 98% used [0x00000000d6380000,0x00000000d64fb510,0x00000000d6500000)
  to   space 3584K, 0% used [0x00000000d6600000,0x00000000d6600000,0x00000000d6980000)
 ParOldGen       total 68608K, used 58328K [0x0000000080000000, 0x0000000084300000, 0x00000000d5580000)
  object space 68608K, 85% used [0x0000000080000000,0x00000000838f6078,0x0000000084300000)
 Metaspace       used 64639K, committed 65920K, reserved 1114112K
  class space    used 7479K, committed 8000K, reserved 1048576K
}
Event: 158010.239 GC heap before
{Heap before GC invocations=155 (full 3):
 PSYoungGen      total 14848K, used 14829K [0x00000000d5580000, 0x00000000d6980000, 0x0000000100000000)
  eden space 13312K, 100% used [0x00000000d5580000,0x00000000d6280000,0x00000000d6280000)
  from space 1536K, 98% used [0x00000000d6380000,0x00000000d64fb510,0x00000000d6500000)
  to   space 3584K, 0% used [0x00000000d6600000,0x00000000d6600000,0x00000000d6980000)
 ParOldGen       total 68608K, used 58328K [0x0000000080000000, 0x0000000084300000, 0x00000000d5580000)
  object space 68608K, 85% used [0x0000000080000000,0x00000000838f6078,0x0000000084300000)
 Metaspace       used 65277K, committed 66624K, reserved 1114112K
  class space    used 7541K, committed 8064K, reserved 1048576K
}
Event: 158010.245 GC heap after
{Heap after GC invocations=155 (full 3):
 PSYoungGen      total 16896K, used 3413K [0x00000000d5580000, 0x00000000d6980000, 0x0000000100000000)
  eden space 13312K, 0% used [0x00000000d5580000,0x00000000d5580000,0x00000000d6280000)
  from space 3584K, 95% used [0x00000000d6600000,0x00000000d6955530,0x00000000d6980000)
  to   space 3584K, 0% used [0x00000000d6280000,0x00000000d6280000,0x00000000d6600000)
 ParOldGen       total 68608K, used 59044K [0x0000000080000000, 0x0000000084300000, 0x00000000d5580000)
  object space 68608K, 86% used [0x0000000080000000,0x00000000839a93d0,0x0000000084300000)
 Metaspace       used 65277K, committed 66624K, reserved 1114112K
  class space    used 7541K, committed 8064K, reserved 1048576K
}
Event: 164210.907 GC heap before
{Heap before GC invocations=156 (full 3):
 PSYoungGen      total 16896K, used 16719K [0x00000000d5580000, 0x00000000d6980000, 0x0000000100000000)
  eden space 13312K, 99% used [0x00000000d5580000,0x00000000d627e7b8,0x00000000d6280000)
  from space 3584K, 95% used [0x00000000d6600000,0x00000000d6955530,0x00000000d6980000)
  to   space 3584K, 0% used [0x00000000d6280000,0x00000000d6280000,0x00000000d6600000)
 ParOldGen       total 68608K, used 59044K [0x0000000080000000, 0x0000000084300000, 0x00000000d5580000)
  object space 68608K, 86% used [0x0000000080000000,0x00000000839a93d0,0x0000000084300000)
 Metaspace       used 65285K, committed 66624K, reserved 1114112K
  class space    used 7541K, committed 8064K, reserved 1048576K
}
Event: 164210.911 GC heap after
{Heap after GC invocations=156 (full 3):
 PSYoungGen      total 13824K, used 192K [0x00000000d5580000, 0x00000000d6680000, 0x0000000100000000)
  eden space 13312K, 0% used [0x00000000d5580000,0x00000000d5580000,0x00000000d6280000)
  from space 512K, 37% used [0x00000000d6280000,0x00000000d62b0000,0x00000000d6300000)
  to   space 1536K, 0% used [0x00000000d6500000,0x00000000d6500000,0x00000000d6680000)
 ParOldGen       total 68608K, used 62296K [0x0000000080000000, 0x0000000084300000, 0x00000000d5580000)
  object space 68608K, 90% used [0x0000000080000000,0x0000000083cd6340,0x0000000084300000)
 Metaspace       used 65285K, committed 66624K, reserved 1114112K
  class space    used 7541K, committed 8064K, reserved 1048576K
}
Event: 181919.472 GC heap before
{Heap before GC invocations=157 (full 3):
 PSYoungGen      total 13824K, used 13504K [0x00000000d5580000, 0x00000000d6680000, 0x0000000100000000)
  eden space 13312K, 100% used [0x00000000d5580000,0x00000000d6280000,0x00000000d6280000)
  from space 512K, 37% used [0x00000000d6280000,0x00000000d62b0000,0x00000000d6300000)
  to   space 1536K, 0% used [0x00000000d6500000,0x00000000d6500000,0x00000000d6680000)
 ParOldGen       total 68608K, used 62296K [0x0000000080000000, 0x0000000084300000, 0x00000000d5580000)
  object space 68608K, 90% used [0x0000000080000000,0x0000000083cd6340,0x0000000084300000)
 Metaspace       used 65298K, committed 66624K, reserved 1114112K
  class space    used 7541K, committed 8064K, reserved 1048576K
}
Event: 181919.482 GC heap after
{Heap after GC invocations=157 (full 3):
 PSYoungGen      total 13824K, used 288K [0x00000000d5580000, 0x00000000d6580000, 0x0000000100000000)
  eden space 13312K, 0% used [0x00000000d5580000,0x00000000d5580000,0x00000000d6280000)
  from space 512K, 56% used [0x00000000d6500000,0x00000000d6548000,0x00000000d6580000)
  to   space 512K, 0% used [0x00000000d6280000,0x00000000d6280000,0x00000000d6300000)
 ParOldGen       total 68608K, used 62304K [0x0000000080000000, 0x0000000084300000, 0x00000000d5580000)
  object space 68608K, 90% used [0x0000000080000000,0x0000000083cd8340,0x0000000084300000)
 Metaspace       used 65298K, committed 66624K, reserved 1114112K
  class space    used 7541K, committed 8064K, reserved 1048576K
}
Event: 187171.255 GC heap before
{Heap before GC invocations=158 (full 3):
 PSYoungGen      total 13824K, used 13600K [0x00000000d5580000, 0x00000000d6580000, 0x0000000100000000)
  eden space 13312K, 100% used [0x00000000d5580000,0x00000000d6280000,0x00000000d6280000)
  from space 512K, 56% used [0x00000000d6500000,0x00000000d6548000,0x00000000d6580000)
  to   space 512K, 0% used [0x00000000d6280000,0x00000000d6280000,0x00000000d6300000)
 ParOldGen       total 68608K, used 62304K [0x0000000080000000, 0x0000000084300000, 0x00000000d5580000)
  object space 68608K, 90% used [0x0000000080000000,0x0000000083cd8340,0x0000000084300000)
 Metaspace       used 65303K, committed 66624K, reserved 1114112K
  class space    used 7541K, committed 8064K, reserved 1048576K
}
Event: 187171.261 GC heap after
{Heap after GC invocations=158 (full 3):
 PSYoungGen      total 13824K, used 288K [0x00000000d5580000, 0x00000000d6580000, 0x0000000100000000)
  eden space 13312K, 0% used [0x00000000d5580000,0x00000000d5580000,0x00000000d6280000)
  from space 512K, 56% used [0x00000000d6280000,0x00000000d62c8000,0x00000000d6300000)
  to   space 512K, 0% used [0x00000000d6500000,0x00000000d6500000,0x00000000d6580000)
 ParOldGen       total 68608K, used 62312K [0x0000000080000000, 0x0000000084300000, 0x00000000d5580000)
  object space 68608K, 90% used [0x0000000080000000,0x0000000083cda340,0x0000000084300000)
 Metaspace       used 65303K, committed 66624K, reserved 1114112K
  class space    used 7541K, committed 8064K, reserved 1048576K
}
Event: 217797.311 GC heap before
{Heap before GC invocations=159 (full 3):
 PSYoungGen      total 13824K, used 13599K [0x00000000d5580000, 0x00000000d6580000, 0x0000000100000000)
  eden space 13312K, 99% used [0x00000000d5580000,0x00000000d627fff0,0x00000000d6280000)
  from space 512K, 56% used [0x00000000d6280000,0x00000000d62c8000,0x00000000d6300000)
  to   space 512K, 0% used [0x00000000d6500000,0x00000000d6500000,0x00000000d6580000)
 ParOldGen       total 68608K, used 62312K [0x0000000080000000, 0x0000000084300000, 0x00000000d5580000)
  object space 68608K, 90% used [0x0000000080000000,0x0000000083cda340,0x0000000084300000)
 Metaspace       used 65325K, committed 66624K, reserved 1114112K
  class space    used 7541K, committed 8064K, reserved 1048576K
}
Event: 217797.315 GC heap after
{Heap after GC invocations=159 (full 3):
 PSYoungGen      total 13824K, used 288K [0x00000000d5580000, 0x00000000d6580000, 0x0000000100000000)
  eden space 13312K, 0% used [0x00000000d5580000,0x00000000d5580000,0x00000000d6280000)
  from space 512K, 56% used [0x00000000d6500000,0x00000000d6548000,0x00000000d6580000)
  to   space 512K, 0% used [0x00000000d6280000,0x00000000d6280000,0x00000000d6300000)
 ParOldGen       total 68608K, used 62360K [0x0000000080000000, 0x0000000084300000, 0x00000000d5580000)
  object space 68608K, 90% used [0x0000000080000000,0x0000000083ce6340,0x0000000084300000)
 Metaspace       used 65325K, committed 66624K, reserved 1114112K
  class space    used 7541K, committed 8064K, reserved 1048576K
}

