# JRE version: OpenJDK Runtime Environment Temurin-21.0.8+9 (21.0.8+9) (build 21.0.8+9-LTS)
# Java VM: OpenJDK 64-Bit Server VM Temurin-21.0.8+9 (21.0.8+9-LTS, mixed mode, sharing, tiered, compressed oops, compressed class ptrs, parallel gc, windows-amd64)
GC Precious Log:
 CardTable entry size: 512
 CPUs: 16 total, 16 available
 Memory: 65451M
 Large Page Support: Disabled
 NUMA Support: Disabled
 Compressed Oops: Enabled (32-bit)
 Alignments: Space 512K, Generation 512K, Heap 2M
 Heap Min Capacity: 100M
 Heap Initial Capacity: 100M
 Heap Max Capacity: 2G
 Pre-touch: Disabled
 Parallel Workers: 13
Heap:
 PSYoungGen      total 19456K, used 2550K [0x00000000d5580000, 0x00000000d6b80000, 0x0000000100000000)
  eden space 16896K, 0% used [0x00000000d5580000,0x00000000d5580000,0x00000000d6600000)
  from space 2560K, 99% used [0x00000000d6680000,0x00000000d68fd980,0x00000000d6900000)
  to   space 2048K, 0% used [0x00000000d6980000,0x00000000d6980000,0x00000000d6b80000)
 ParOldGen       total 68608K, used 46518K [0x0000000080000000, 0x0000000084300000, 0x00000000d5580000)
  object space 68608K, 67% used [0x0000000080000000,0x0000000082d6d898,0x0000000084300000)
 Metaspace       used 50671K, committed 51904K, reserved 1114112K
  class space    used 5448K, committed 6016K, reserved 1048576K
GC Heap History (20 events):
Event: 4.905 GC heap before
{Heap before GC invocations=21 (full 2):
 PSYoungGen      total 22016K, used 22013K [0x00000000d5580000, 0x00000000d7300000, 0x0000000100000000)
  eden space 19968K, 100% used [0x00000000d5580000,0x00000000d6900000,0x00000000d6900000)
  from space 2048K, 99% used [0x00000000d6d00000,0x00000000d6eff520,0x00000000d6f00000)
  to   space 4096K, 0% used [0x00000000d6900000,0x00000000d6900000,0x00000000d6d00000)
 ParOldGen       total 68608K, used 23238K [0x0000000080000000, 0x0000000084300000, 0x00000000d5580000)
  object space 68608K, 33% used [0x0000000080000000,0x00000000816b1b68,0x0000000084300000)
 Metaspace       used 46178K, committed 47424K, reserved 1114112K
  class space    used 4998K, committed 5568K, reserved 1048576K
}
Event: 4.906 GC heap after
{Heap after GC invocations=21 (full 2):
 PSYoungGen      total 22528K, used 2112K [0x00000000d5580000, 0x00000000d6f00000, 0x0000000100000000)
  eden space 19968K, 0% used [0x00000000d5580000,0x00000000d5580000,0x00000000d6900000)
  from space 2560K, 82% used [0x00000000d6900000,0x00000000d6b10060,0x00000000d6b80000)
  to   space 3072K, 0% used [0x00000000d6c00000,0x00000000d6c00000,0x00000000d6f00000)
 ParOldGen       total 68608K, used 25236K [0x0000000080000000, 0x0000000084300000, 0x00000000d5580000)
  object space 68608K, 36% used [0x0000000080000000,0x00000000818a52d8,0x0000000084300000)
 Metaspace       used 46178K, committed 47424K, reserved 1114112K
  class space    used 4998K, committed 5568K, reserved 1048576K
}
Event: 4.996 GC heap before
{Heap before GC invocations=22 (full 2):
 PSYoungGen      total 22528K, used 22080K [0x00000000d5580000, 0x00000000d6f00000, 0x0000000100000000)
  eden space 19968K, 100% used [0x00000000d5580000,0x00000000d6900000,0x00000000d6900000)
  from space 2560K, 82% used [0x00000000d6900000,0x00000000d6b10060,0x00000000d6b80000)
  to   space 3072K, 0% used [0x00000000d6c00000,0x00000000d6c00000,0x00000000d6f00000)
 ParOldGen       total 68608K, used 25236K [0x0000000080000000, 0x0000000084300000, 0x00000000d5580000)
  object space 68608K, 36% used [0x0000000080000000,0x00000000818a52d8,0x0000000084300000)
 Metaspace       used 46781K, committed 48000K, reserved 1114112K
  class space    used 5069K, committed 5632K, reserved 1048576K
}
Event: 4.998 GC heap after
{Heap after GC invocations=22 (full 2):
 PSYoungGen      total 22528K, used 2050K [0x00000000d5580000, 0x00000000d6e80000, 0x0000000100000000)
  eden space 19968K, 0% used [0x00000000d5580000,0x00000000d5580000,0x00000000d6900000)
  from space 2560K, 80% used [0x00000000d6c00000,0x00000000d6e00800,0x00000000d6e80000)
  to   space 2560K, 0% used [0x00000000d6900000,0x00000000d6900000,0x00000000d6b80000)
 ParOldGen       total 68608K, used 27124K [0x0000000080000000, 0x0000000084300000, 0x00000000d5580000)
  object space 68608K, 39% used [0x0000000080000000,0x0000000081a7d338,0x0000000084300000)
 Metaspace       used 46781K, committed 48000K, reserved 1114112K
  class space    used 5069K, committed 5632K, reserved 1048576K
}
Event: 5.031 GC heap before
{Heap before GC invocations=23 (full 2):
 PSYoungGen      total 22528K, used 22018K [0x00000000d5580000, 0x00000000d6e80000, 0x0000000100000000)
  eden space 19968K, 100% used [0x00000000d5580000,0x00000000d6900000,0x00000000d6900000)
  from space 2560K, 80% used [0x00000000d6c00000,0x00000000d6e00800,0x00000000d6e80000)
  to   space 2560K, 0% used [0x00000000d6900000,0x00000000d6900000,0x00000000d6b80000)
 ParOldGen       total 68608K, used 27124K [0x0000000080000000, 0x0000000084300000, 0x00000000d5580000)
  object space 68608K, 39% used [0x0000000080000000,0x0000000081a7d338,0x0000000084300000)
 Metaspace       used 46886K, committed 48064K, reserved 1114112K
  class space    used 5082K, committed 5632K, reserved 1048576K
}
Event: 5.033 GC heap after
{Heap after GC invocations=23 (full 2):
 PSYoungGen      total 22016K, used 1952K [0x00000000d5580000, 0x00000000d6d00000, 0x0000000100000000)
  eden space 19968K, 0% used [0x00000000d5580000,0x00000000d5580000,0x00000000d6900000)
  from space 2048K, 95% used [0x00000000d6900000,0x00000000d6ae8010,0x00000000d6b00000)
  to   space 2048K, 0% used [0x00000000d6b00000,0x00000000d6b00000,0x00000000d6d00000)
 ParOldGen       total 68608K, used 28963K [0x0000000080000000, 0x0000000084300000, 0x00000000d5580000)
  object space 68608K, 42% used [0x0000000080000000,0x0000000081c48c48,0x0000000084300000)
 Metaspace       used 46886K, committed 48064K, reserved 1114112K
  class space    used 5082K, committed 5632K, reserved 1048576K
}
Event: 5.072 GC heap before
{Heap before GC invocations=24 (full 2):
 PSYoungGen      total 22016K, used 21920K [0x00000000d5580000, 0x00000000d6d00000, 0x0000000100000000)
  eden space 19968K, 100% used [0x00000000d5580000,0x00000000d6900000,0x00000000d6900000)
  from space 2048K, 95% used [0x00000000d6900000,0x00000000d6ae8010,0x00000000d6b00000)
  to   space 2048K, 0% used [0x00000000d6b00000,0x00000000d6b00000,0x00000000d6d00000)
 ParOldGen       total 68608K, used 28963K [0x0000000080000000, 0x0000000084300000, 0x00000000d5580000)
  object space 68608K, 42% used [0x0000000080000000,0x0000000081c48c48,0x0000000084300000)
 Metaspace       used 46982K, committed 48256K, reserved 1114112K
  class space    used 5095K, committed 5696K, reserved 1048576K
}
Event: 5.073 GC heap after
{Heap after GC invocations=24 (full 2):
 PSYoungGen      total 22016K, used 1984K [0x00000000d5580000, 0x00000000d6d00000, 0x0000000100000000)
  eden space 19968K, 0% used [0x00000000d5580000,0x00000000d5580000,0x00000000d6900000)
  from space 2048K, 96% used [0x00000000d6b00000,0x00000000d6cf0000,0x00000000d6d00000)
  to   space 2048K, 0% used [0x00000000d6900000,0x00000000d6900000,0x00000000d6b00000)
 ParOldGen       total 68608K, used 30763K [0x0000000080000000, 0x0000000084300000, 0x00000000d5580000)
  object space 68608K, 44% used [0x0000000080000000,0x0000000081e0ac58,0x0000000084300000)
 Metaspace       used 46982K, committed 48256K, reserved 1114112K
  class space    used 5095K, committed 5696K, reserved 1048576K
}
Event: 5.107 GC heap before
{Heap before GC invocations=25 (full 2):
 PSYoungGen      total 22016K, used 21952K [0x00000000d5580000, 0x00000000d6d00000, 0x0000000100000000)
  eden space 19968K, 100% used [0x00000000d5580000,0x00000000d6900000,0x00000000d6900000)
  from space 2048K, 96% used [0x00000000d6b00000,0x00000000d6cf0000,0x00000000d6d00000)
  to   space 2048K, 0% used [0x00000000d6900000,0x00000000d6900000,0x00000000d6b00000)
 ParOldGen       total 68608K, used 30763K [0x0000000080000000, 0x0000000084300000, 0x00000000d5580000)
  object space 68608K, 44% used [0x0000000080000000,0x0000000081e0ac58,0x0000000084300000)
 Metaspace       used 47066K, committed 48320K, reserved 1114112K
  class space    used 5097K, committed 5696K, reserved 1048576K
}
Event: 5.110 GC heap after
{Heap after GC invocations=25 (full 2):
 PSYoungGen      total 22016K, used 2020K [0x00000000d5580000, 0x00000000d7100000, 0x0000000100000000)
  eden space 19968K, 0% used [0x00000000d5580000,0x00000000d5580000,0x00000000d6900000)
  from space 2048K, 98% used [0x00000000d6900000,0x00000000d6af9000,0x00000000d6b00000)
  to   space 4096K, 0% used [0x00000000d6d00000,0x00000000d6d00000,0x00000000d7100000)
 ParOldGen       total 68608K, used 32529K [0x0000000080000000, 0x0000000084300000, 0x00000000d5580000)
  object space 68608K, 47% used [0x0000000080000000,0x0000000081fc4608,0x0000000084300000)
 Metaspace       used 47066K, committed 48320K, reserved 1114112K
  class space    used 5097K, committed 5696K, reserved 1048576K
}
Event: 5.158 GC heap before
{Heap before GC invocations=26 (full 2):
 PSYoungGen      total 22016K, used 21988K [0x00000000d5580000, 0x00000000d7100000, 0x0000000100000000)
  eden space 19968K, 100% used [0x00000000d5580000,0x00000000d6900000,0x00000000d6900000)
  from space 2048K, 98% used [0x00000000d6900000,0x00000000d6af9000,0x00000000d6b00000)
  to   space 4096K, 0% used [0x00000000d6d00000,0x00000000d6d00000,0x00000000d7100000)
 ParOldGen       total 68608K, used 32529K [0x0000000080000000, 0x0000000084300000, 0x00000000d5580000)
  object space 68608K, 47% used [0x0000000080000000,0x0000000081fc4608,0x0000000084300000)
 Metaspace       used 47156K, committed 48384K, reserved 1114112K
  class space    used 5104K, committed 5696K, reserved 1048576K
}
Event: 5.160 GC heap after
{Heap after GC invocations=26 (full 2):
 PSYoungGen      total 22528K, used 2190K [0x00000000d5580000, 0x00000000d6f80000, 0x0000000100000000)
  eden space 19968K, 0% used [0x00000000d5580000,0x00000000d5580000,0x00000000d6900000)
  from space 2560K, 85% used [0x00000000d6d00000,0x00000000d6f238b8,0x00000000d6f80000)
  to   space 3072K, 0% used [0x00000000d6980000,0x00000000d6980000,0x00000000d6c80000)
 ParOldGen       total 68608K, used 34428K [0x0000000080000000, 0x0000000084300000, 0x00000000d5580000)
  object space 68608K, 50% used [0x0000000080000000,0x000000008219f3b8,0x0000000084300000)
 Metaspace       used 47156K, committed 48384K, reserved 1114112K
  class space    used 5104K, committed 5696K, reserved 1048576K
}
Event: 5.199 GC heap before
{Heap before GC invocations=27 (full 2):
 PSYoungGen      total 22528K, used 22158K [0x00000000d5580000, 0x00000000d6f80000, 0x0000000100000000)
  eden space 19968K, 100% used [0x00000000d5580000,0x00000000d6900000,0x00000000d6900000)
  from space 2560K, 85% used [0x00000000d6d00000,0x00000000d6f238b8,0x00000000d6f80000)
  to   space 3072K, 0% used [0x00000000d6980000,0x00000000d6980000,0x00000000d6c80000)
 ParOldGen       total 68608K, used 34428K [0x0000000080000000, 0x0000000084300000, 0x00000000d5580000)
  object space 68608K, 50% used [0x0000000080000000,0x000000008219f3b8,0x0000000084300000)
 Metaspace       used 47254K, committed 48448K, reserved 1114112K
  class space    used 5110K, committed 5696K, reserved 1048576K
}
Event: 5.201 GC heap after
{Heap after GC invocations=27 (full 2):
 PSYoungGen      total 22528K, used 2073K [0x00000000d5580000, 0x00000000d6e00000, 0x0000000100000000)
  eden space 19968K, 0% used [0x00000000d5580000,0x00000000d5580000,0x00000000d6900000)
  from space 2560K, 80% used [0x00000000d6980000,0x00000000d6b86578,0x00000000d6c00000)
  to   space 2048K, 0% used [0x00000000d6c00000,0x00000000d6c00000,0x00000000d6e00000)
 ParOldGen       total 68608K, used 36435K [0x0000000080000000, 0x0000000084300000, 0x00000000d5580000)
  object space 68608K, 53% used [0x0000000080000000,0x0000000082394c70,0x0000000084300000)
 Metaspace       used 47254K, committed 48448K, reserved 1114112K
  class space    used 5110K, committed 5696K, reserved 1048576K
}
Event: 5.270 GC heap before
{Heap before GC invocations=28 (full 2):
 PSYoungGen      total 22528K, used 22040K [0x00000000d5580000, 0x00000000d6e00000, 0x0000000100000000)
  eden space 19968K, 99% used [0x00000000d5580000,0x00000000d68ffd38,0x00000000d6900000)
  from space 2560K, 80% used [0x00000000d6980000,0x00000000d6b86578,0x00000000d6c00000)
  to   space 2048K, 0% used [0x00000000d6c00000,0x00000000d6c00000,0x00000000d6e00000)
 ParOldGen       total 68608K, used 36435K [0x0000000080000000, 0x0000000084300000, 0x00000000d5580000)
  object space 68608K, 53% used [0x0000000080000000,0x0000000082394c70,0x0000000084300000)
 Metaspace       used 47602K, committed 48832K, reserved 1114112K
  class space    used 5139K, committed 5696K, reserved 1048576K
}
Event: 5.271 GC heap after
{Heap after GC invocations=28 (full 2):
 PSYoungGen      total 18944K, used 2036K [0x00000000d5580000, 0x00000000d7500000, 0x0000000100000000)
  eden space 16896K, 0% used [0x00000000d5580000,0x00000000d5580000,0x00000000d6600000)
  from space 2048K, 99% used [0x00000000d6c00000,0x00000000d6dfd3c8,0x00000000d6e00000)
  to   space 6144K, 0% used [0x00000000d6600000,0x00000000d6600000,0x00000000d6c00000)
 ParOldGen       total 68608K, used 39708K [0x0000000080000000, 0x0000000084300000, 0x00000000d5580000)
  object space 68608K, 57% used [0x0000000080000000,0x00000000826c7008,0x0000000084300000)
 Metaspace       used 47602K, committed 48832K, reserved 1114112K
  class space    used 5139K, committed 5696K, reserved 1048576K
}
Event: 5.354 GC heap before
{Heap before GC invocations=29 (full 2):
 PSYoungGen      total 18944K, used 18932K [0x00000000d5580000, 0x00000000d7500000, 0x0000000100000000)
  eden space 16896K, 100% used [0x00000000d5580000,0x00000000d6600000,0x00000000d6600000)
  from space 2048K, 99% used [0x00000000d6c00000,0x00000000d6dfd3c8,0x00000000d6e00000)
  to   space 6144K, 0% used [0x00000000d6600000,0x00000000d6600000,0x00000000d6c00000)
 ParOldGen       total 68608K, used 39708K [0x0000000080000000, 0x0000000084300000, 0x00000000d5580000)
  object space 68608K, 57% used [0x0000000080000000,0x00000000826c7008,0x0000000084300000)
 Metaspace       used 48767K, committed 49984K, reserved 1114112K
  class space    used 5244K, committed 5760K, reserved 1048576K
}
Event: 5.356 GC heap after
{Heap after GC invocations=29 (full 2):
 PSYoungGen      total 19456K, used 2459K [0x00000000d5580000, 0x00000000d6d00000, 0x0000000100000000)
  eden space 16896K, 0% used [0x00000000d5580000,0x00000000d5580000,0x00000000d6600000)
  from space 2560K, 96% used [0x00000000d6600000,0x00000000d6866df0,0x00000000d6880000)
  to   space 3584K, 0% used [0x00000000d6980000,0x00000000d6980000,0x00000000d6d00000)
 ParOldGen       total 68608K, used 41469K [0x0000000080000000, 0x0000000084300000, 0x00000000d5580000)
  object space 68608K, 60% used [0x0000000080000000,0x000000008287f678,0x0000000084300000)
 Metaspace       used 48767K, committed 49984K, reserved 1114112K
  class space    used 5244K, committed 5760K, reserved 1048576K
}
Event: 5.482 GC heap before
{Heap before GC invocations=30 (full 2):
 PSYoungGen      total 19456K, used 19342K [0x00000000d5580000, 0x00000000d6d00000, 0x0000000100000000)
  eden space 16896K, 99% used [0x00000000d5580000,0x00000000d65fcbb0,0x00000000d6600000)
  from space 2560K, 96% used [0x00000000d6600000,0x00000000d6866df0,0x00000000d6880000)
  to   space 3584K, 0% used [0x00000000d6980000,0x00000000d6980000,0x00000000d6d00000)
 ParOldGen       total 68608K, used 41469K [0x0000000080000000, 0x0000000084300000, 0x00000000d5580000)
  object space 68608K, 60% used [0x0000000080000000,0x000000008287f678,0x0000000084300000)
 Metaspace       used 50406K, committed 51648K, reserved 1114112K
  class space    used 5422K, committed 5952K, reserved 1048576K
}
Event: 5.483 GC heap after
{Heap after GC invocations=30 (full 2):
 PSYoungGen      total 18944K, used 2047K [0x00000000d5580000, 0x00000000d6b80000, 0x0000000100000000)
  eden space 16896K, 0% used [0x00000000d5580000,0x00000000d5580000,0x00000000d6600000)
  from space 2048K, 99% used [0x00000000d6980000,0x00000000d6b7fe28,0x00000000d6b80000)
  to   space 2560K, 0% used [0x00000000d6680000,0x00000000d6680000,0x00000000d6900000)
 ParOldGen       total 68608K, used 43714K [0x0000000080000000, 0x0000000084300000, 0x00000000d5580000)
  object space 68608K, 63% used [0x0000000080000000,0x0000000082ab0a10,0x0000000084300000)
 Metaspace       used 50406K, committed 51648K, reserved 1114112K
  class space    used 5422K, committed 5952K, reserved 1048576K
}

